<?xml version="1.0" encoding="UTF-8"?>
<testsuite xmlns:xsi="http://www.w3.org/2001/XMLSchema-instance" xsi:noNamespaceSchemaLocation="https://maven.apache.org/surefire/maven-surefire-plugin/xsd/surefire-test-report.xsd" version="3.0.2" name="group5.ebay2.auth.AuthServiceTest" time="3.142" tests="9" errors="0" skipped="0" failures="0" flakes="0">
  <properties>
[...]
</properties>
  <testcase name="deleteUser_shouldThrowOnNotFound" classname="group5.ebay2.auth.AuthServiceTest" time="0.482">
    <system-out><![CDATA[20:56:03.940 [main] INFO org.springframework.test.context.support.AnnotationConfigContextLoaderUtils -- Could not detect default configuration classes for test class [group5.ebay2.auth.AuthServiceTest]: AuthServiceTest does not declare any static, non-private, non-final, nested classes annotated with @Configuration.
20:56:04.006 [main] INFO org.springframework.boot.test.context.SpringBootTestContextBootstrapper -- Found @SpringBootConfiguration group5.ebay2.AuthServiceApplication for test class group5.ebay2.auth.AuthServiceTest
20:56:04.045 [main] INFO org.springframework.test.context.support.AnnotationConfigContextLoaderUtils -- Could not detect default configuration classes for test class [group5.ebay2.auth.AuthServiceTest]: AuthServiceTest does not declare any static, non-private, non-final, nested classes annotated with @Configuration.
20:56:04.047 [main] INFO org.springframework.boot.test.context.SpringBootTestContextBootstrapper -- Found @SpringBootConfiguration group5.ebay2.AuthServiceApplication for test class group5.ebay2.auth.AuthServiceTest

  .   ____          _            __ _ _
 /\\ / ___'_ __ _ _(_)_ __  __ _ \ \ \ \
( ( )\___ | '_ | '_| | '_ \/ _` | \ \ \ \
 \\/  ___)| |_)| | | | | || (_| |  ) ) ) )
  '  |____| .__|_| |_|_| |_\__, | / / / /
 =========|_|==============|___/=/_/_/_/

 :: Spring Boot ::                (v4.0.6)

2026-06-09T20:56:04.191Z  INFO 313 --- [           main] group5.ebay2.auth.AuthServiceTest        : Starting AuthServiceTest using Java 21.0.11 with PID 313 (started by ubuntu in /workspace)
2026-06-09T20:56:04.191Z  INFO 313 --- [           main] group5.ebay2.auth.AuthServiceTest        : No active profile set, falling back to 1 default profile: "default"
2026-06-09T20:56:04.448Z  INFO 313 --- [           main] .s.d.r.c.RepositoryConfigurationDelegate : Bootstrapping Spring Data JPA repositories in DEFAULT mode.
2026-06-09T20:56:04.473Z  INFO 313 --- [           main] .s.d.r.c.RepositoryConfigurationDelegate : Finished Spring Data repository scanning in 20 ms. Found 2 JPA repository interfaces.
2026-06-09T20:56:04.639Z  INFO 313 --- [           main] org.hibernate.orm.jpa                    : HHH008540: Processing PersistenceUnitInfo [name: default]
2026-06-09T20:56:04.664Z  INFO 313 --- [           main] org.hibernate.orm.core                   : HHH000001: Hibernate ORM core version 7.2.12.Final
2026-06-09T20:56:04.895Z  INFO 313 --- [           main] o.s.o.j.p.SpringPersistenceUnitInfo      : No LoadTimeWeaver setup: ignoring JPA class transformer
2026-06-09T20:56:04.911Z  INFO 313 --- [           main] com.zaxxer.hikari.HikariDataSource       : HikariPool-1 - Starting...
2026-06-09T20:56:04.999Z  INFO 313 --- [           main] com.zaxxer.hikari.pool.HikariPool        : HikariPool-1 - Added connection org.postgresql.jdbc.PgConnection@774c5e5c
2026-06-09T20:56:05.000Z  INFO 313 --- [           main] com.zaxxer.hikari.HikariDataSource       : HikariPool-1 - Start completed.
2026-06-09T20:56:05.028Z  INFO 313 --- [           main] org.hibernate.orm.connections.pooling    : HHH10001005: Database info:
	Database JDBC URL [jdbc:postgresql://auth-service-db:5432/auth_service]
	Database driver: PostgreSQL JDBC Driver
	Database dialect: PostgreSQLDialect
	Database version: 16.14
	Default catalog/schema: auth_service/public
	Autocommit mode: undefined/unknown
	Isolation level: READ_COMMITTED [default READ_COMMITTED]
	JDBC fetch size: none
	Pool: DataSourceConnectionProvider
	Minimum pool size: undefined/unknown
	Maximum pool size: undefined/unknown
2026-06-09T20:56:05.451Z  INFO 313 --- [           main] org.hibernate.orm.core                   : HHH000489: No JTA platform available (set 'hibernate.transaction.jta.platform' to enable JTA platform integration)
2026-06-09T20:56:05.481Z  INFO 313 --- [           main] j.LocalContainerEntityManagerFactoryBean : Initialized JPA EntityManagerFactory for persistence unit 'default'
2026-06-09T20:56:05.519Z  INFO 313 --- [           main] o.s.d.j.r.query.QueryEnhancerFactories   : Hibernate is in classpath; If applicable, HQL parser will be used.
2026-06-09T20:56:05.641Z  WARN 313 --- [           main] JpaBaseConfiguration$JpaWebConfiguration : spring.jpa.open-in-view is enabled by default. Therefore, database queries may be performed during view rendering. Explicitly configure spring.jpa.open-in-view to disable this warning
2026-06-09T20:56:05.849Z  INFO 313 --- [           main] group5.ebay2.auth.AuthServiceTest        : Started AuthServiceTest in 1.775 seconds (process running for 2.301)
Hibernate: delete from users u1_0
Hibernate: delete from roles r1_0
Hibernate: insert into roles (name) values (?)
2026-06-09T20:56:06.267Z  INFO 313 --- [           main] group5.ebay2.auth.AuthService            : Deleting user with id: b897b3c4-35b4-4dd6-89bf-f39c0425764c
Hibernate: select count(*) from users u1_0 where u1_0.id=?
]]></system-out>
    <system-err><![CDATA[Mockito is currently self-attaching to enable the inline-mock-maker. This will no longer work in future releases of the JDK. Please add Mockito as an agent to your build as described in Mockito's documentation: https://javadoc.io/doc/org.mockito/mockito-core/latest/org.mockito/org/mockito/Mockito.html#0.3
WARNING: A Java agent has been loaded dynamically (/home/ubuntu/.m2/repository/net/bytebuddy/byte-buddy-agent/1.17.8/byte-buddy-agent-1.17.8.jar)
WARNING: If a serviceability tool is in use, please run with -XX:+EnableDynamicAgentLoading to hide this warning
WARNING: If a serviceability tool is not in use, please run with -Djdk.instrument.traceUsage for more information
WARNING: Dynamic loading of agents will be disallowed by default in a future release
]]></system-err>
  </testcase>
  <testcase name="authUser_shouldAuthenticateWithUsername" classname="group5.ebay2.auth.AuthServiceTest" time="0.199">
    <system-out><![CDATA[Hibernate: delete from users u1_0
Hibernate: delete from roles r1_0
Hibernate: insert into roles (name) values (?)
2026-06-09T20:56:06.346Z  INFO 313 --- [           main] group5.ebay2.auth.AuthService            : Creating user with email: test@example.com
Hibernate: select u1_0.id from users u1_0 where u1_0.email=? fetch first ? rows only
Hibernate: select u1_0.id from users u1_0 where u1_0.username=? fetch first ? rows only
Hibernate: select r1_0.id,r1_0.name from roles r1_0 where r1_0.name=?
Hibernate: insert into users (created_at,email,last_password_changed_at,password_hash,role_id,username,id) values (?,?,?,?,?,?,?)
Hibernate: select u1_0.id,u1_0.created_at,u1_0.email,u1_0.last_password_changed_at,u1_0.password_hash,u1_0.role_id,u1_0.username from users u1_0 where u1_0.email=? or u1_0.username=?
]]></system-out>
  </testcase>
  <testcase name="addUser_shouldCreateUser" classname="group5.ebay2.auth.AuthServiceTest" time="0.057">
    <system-out><![CDATA[Hibernate: delete from users u1_0
Hibernate: delete from roles r1_0
Hibernate: insert into roles (name) values (?)
2026-06-09T20:56:06.547Z  INFO 313 --- [           main] group5.ebay2.auth.AuthService            : Creating user with email: new@example.com
Hibernate: select u1_0.id from users u1_0 where u1_0.email=? fetch first ? rows only
Hibernate: select u1_0.id from users u1_0 where u1_0.username=? fetch first ? rows only
Hibernate: select r1_0.id,r1_0.name from roles r1_0 where r1_0.name=?
]]></system-out>
  </testcase>
  <testcase name="authUser_shouldThrowOnUnknownUser" classname="group5.ebay2.auth.AuthServiceTest" time="0.005">
    <system-out><![CDATA[Hibernate: delete from users u1_0
Hibernate: delete from roles r1_0
Hibernate: insert into roles (name) values (?)
Hibernate: select u1_0.id,u1_0.created_at,u1_0.email,u1_0.last_password_changed_at,u1_0.password_hash,u1_0.role_id,u1_0.username from users u1_0 where u1_0.email=? or u1_0.username=?
]]></system-out>
  </testcase>
  <testcase name="addUser_shouldThrowOnDuplicateEmail" classname="group5.ebay2.auth.AuthServiceTest" time="0.056">
    <system-out><![CDATA[Hibernate: delete from users u1_0
Hibernate: delete from roles r1_0
Hibernate: insert into roles (name) values (?)
2026-06-09T20:56:06.610Z  INFO 313 --- [           main] group5.ebay2.auth.AuthService            : Creating user with email: dup@example.com
Hibernate: select u1_0.id from users u1_0 where u1_0.email=? fetch first ? rows only
Hibernate: select u1_0.id from users u1_0 where u1_0.username=? fetch first ? rows only
Hibernate: select r1_0.id,r1_0.name from roles r1_0 where r1_0.name=?
2026-06-09T20:56:06.661Z  INFO 313 --- [           main] group5.ebay2.auth.AuthService            : Creating user with email: dup@example.com
Hibernate: insert into users (created_at,email,last_password_changed_at,password_hash,role_id,username,id) values (?,?,?,?,?,?,?)
Hibernate: select u1_0.id from users u1_0 where u1_0.email=? fetch first ? rows only
]]></system-out>
  </testcase>
  <testcase name="deleteUser_shouldDeleteExistingUser" classname="group5.ebay2.auth.AuthServiceTest" time="0.06">
    <system-out><![CDATA[Hibernate: delete from users u1_0
Hibernate: delete from roles r1_0
Hibernate: insert into roles (name) values (?)
2026-06-09T20:56:06.669Z  INFO 313 --- [           main] group5.ebay2.auth.AuthService            : Creating user with email: delete@example.com
Hibernate: select u1_0.id from users u1_0 where u1_0.email=? fetch first ? rows only
Hibernate: select u1_0.id from users u1_0 where u1_0.username=? fetch first ? rows only
Hibernate: select r1_0.id,r1_0.name from roles r1_0 where r1_0.name=?
2026-06-09T20:56:06.718Z  INFO 313 --- [           main] group5.ebay2.auth.AuthService            : Deleting user with id: 19177f88-df3b-40fd-b991-29cf4bbd1523
Hibernate: insert into users (created_at,email,last_password_changed_at,password_hash,role_id,username,id) values (?,?,?,?,?,?,?)
Hibernate: select count(*) from users u1_0 where u1_0.id=?
]]></system-out>
  </testcase>
  <testcase name="addUser_shouldThrowOnDuplicateUsername" classname="group5.ebay2.auth.AuthServiceTest" time="0.056">
    <system-out><![CDATA[Hibernate: delete from users u1_0
Hibernate: delete from roles r1_0
Hibernate: insert into roles (name) values (?)
2026-06-09T20:56:06.729Z  INFO 313 --- [           main] group5.ebay2.auth.AuthService            : Creating user with email: a@example.com
Hibernate: select u1_0.id from users u1_0 where u1_0.email=? fetch first ? rows only
Hibernate: select u1_0.id from users u1_0 where u1_0.username=? fetch first ? rows only
Hibernate: select r1_0.id,r1_0.name from roles r1_0 where r1_0.name=?
2026-06-09T20:56:06.779Z  INFO 313 --- [           main] group5.ebay2.auth.AuthService            : Creating user with email: b@example.com
Hibernate: insert into users (created_at,email,last_password_changed_at,password_hash,role_id,username,id) values (?,?,?,?,?,?,?)
Hibernate: select u1_0.id from users u1_0 where u1_0.email=? fetch first ? rows only
Hibernate: select u1_0.id from users u1_0 where u1_0.username=? fetch first ? rows only
]]></system-out>
  </testcase>
  <testcase name="authUser_shouldAuthenticateWithEmail" classname="group5.ebay2.auth.AuthServiceTest" time="0.102">
    <system-out><![CDATA[Hibernate: delete from users u1_0
Hibernate: delete from roles r1_0
Hibernate: insert into roles (name) values (?)
2026-06-09T20:56:06.788Z  INFO 313 --- [           main] group5.ebay2.auth.AuthService            : Creating user with email: test@example.com
Hibernate: select u1_0.id from users u1_0 where u1_0.email=? fetch first ? rows only
Hibernate: select u1_0.id from users u1_0 where u1_0.username=? fetch first ? rows only
Hibernate: select r1_0.id,r1_0.name from roles r1_0 where r1_0.name=?
Hibernate: insert into users (created_at,email,last_password_changed_at,password_hash,role_id,username,id) values (?,?,?,?,?,?,?)
Hibernate: select u1_0.id,u1_0.created_at,u1_0.email,u1_0.last_password_changed_at,u1_0.password_hash,u1_0.role_id,u1_0.username from users u1_0 where u1_0.email=? or u1_0.username=?
]]></system-out>
  </testcase>
  <testcase name="authUser_shouldThrowOnWrongPassword" classname="group5.ebay2.auth.AuthServiceTest" time="0.101">
    <system-out><![CDATA[Hibernate: delete from users u1_0
Hibernate: delete from roles r1_0
Hibernate: insert into roles (name) values (?)
2026-06-09T20:56:06.890Z  INFO 313 --- [           main] group5.ebay2.auth.AuthService            : Creating user with email: test@example.com
Hibernate: select u1_0.id from users u1_0 where u1_0.email=? fetch first ? rows only
Hibernate: select u1_0.id from users u1_0 where u1_0.username=? fetch first ? rows only
Hibernate: select r1_0.id,r1_0.name from roles r1_0 where r1_0.name=?
Hibernate: insert into users (created_at,email,last_password_changed_at,password_hash,role_id,username,id) values (?,?,?,?,?,?,?)
Hibernate: select u1_0.id,u1_0.created_at,u1_0.email,u1_0.last_password_changed_at,u1_0.password_hash,u1_0.role_id,u1_0.username from users u1_0 where u1_0.email=? or u1_0.username=?
]]></system-out>
  </testcase>
</testsuite>