<?xml version="1.0" encoding="UTF-8"?>
<testsuite xmlns:xsi="http://www.w3.org/2001/XMLSchema-instance" xsi:noNamespaceSchemaLocation="https://maven.apache.org/surefire/maven-surefire-plugin/xsd/surefire-test-report.xsd" version="3.0.2" name="group5.ebay2.notification.NotificationServiceTest" time="2.858" tests="4" errors="0" skipped="0" failures="0" flakes="0">
  <properties>
[...]
</properties>
  <testcase name="getNotification_shouldReturnSavedNotification" classname="group5.ebay2.notification.NotificationServiceTest" time="0.353">
    <system-out><![CDATA[22:16:51.899 [main] INFO org.springframework.boot.test.context.SpringBootTestContextBootstrapper -- Found @SpringBootConfiguration group5.ebay2.EmailServiceApplication for test class group5.ebay2.notification.NotificationServiceTest
22:16:51.941 [main] INFO org.springframework.boot.test.context.SpringBootTestContextBootstrapper -- Found @SpringBootConfiguration group5.ebay2.EmailServiceApplication for test class group5.ebay2.notification.NotificationServiceTest

  .   ____          _            __ _ _
 /\\ / ___'_ __ _ _(_)_ __  __ _ \ \ \ \
( ( )\___ | '_ | '_| | '_ \/ _` | \ \ \ \
 \\/  ___)| |_)| | | | | || (_| |  ) ) ) )
  '  |____| .__|_| |_|_| |_\__, | / / / /
 =========|_|==============|___/=/_/_/_/

 :: Spring Boot ::                (v4.0.6)

2026-06-09T22:16:52.091Z  INFO 287 --- [           main] g.e.n.NotificationServiceTest            : Starting NotificationServiceTest using Java 21.0.11 with PID 287 (started by ubuntu in /workspace)
2026-06-09T22:16:52.092Z  INFO 287 --- [           main] g.e.n.NotificationServiceTest            : No active profile set, falling back to 1 default profile: "default"
2026-06-09T22:16:52.361Z  INFO 287 --- [           main] .s.d.r.c.RepositoryConfigurationDelegate : Bootstrapping Spring Data JPA repositories in DEFAULT mode.
2026-06-09T22:16:52.388Z  INFO 287 --- [           main] .s.d.r.c.RepositoryConfigurationDelegate : Finished Spring Data repository scanning in 21 ms. Found 2 JPA repository interfaces.
2026-06-09T22:16:52.596Z  INFO 287 --- [           main] org.hibernate.orm.jpa                    : HHH008540: Processing PersistenceUnitInfo [name: default]
2026-06-09T22:16:52.626Z  INFO 287 --- [           main] org.hibernate.orm.core                   : HHH000001: Hibernate ORM core version 7.2.12.Final
2026-06-09T22:16:52.855Z  INFO 287 --- [           main] o.s.o.j.p.SpringPersistenceUnitInfo      : No LoadTimeWeaver setup: ignoring JPA class transformer
2026-06-09T22:16:52.871Z  INFO 287 --- [           main] com.zaxxer.hikari.HikariDataSource       : HikariPool-1 - Starting...
2026-06-09T22:16:52.952Z  INFO 287 --- [           main] com.zaxxer.hikari.pool.HikariPool        : HikariPool-1 - Added connection org.postgresql.jdbc.PgConnection@1df9f7c6
2026-06-09T22:16:52.953Z  INFO 287 --- [           main] com.zaxxer.hikari.HikariDataSource       : HikariPool-1 - Start completed.
2026-06-09T22:16:52.981Z  INFO 287 --- [           main] org.hibernate.orm.connections.pooling    : HHH10001005: Database info:
	Database JDBC URL [jdbc:postgresql://notification-service-db:5432/notification_service]
	Database driver: PostgreSQL JDBC Driver
	Database dialect: PostgreSQLDialect
	Database version: 16.14
	Default catalog/schema: notification_service/public
	Autocommit mode: undefined/unknown
	Isolation level: READ_COMMITTED [default READ_COMMITTED]
	JDBC fetch size: none
	Pool: DataSourceConnectionProvider
	Minimum pool size: undefined/unknown
	Maximum pool size: undefined/unknown
2026-06-09T22:16:53.371Z  INFO 287 --- [           main] org.hibernate.orm.core                   : HHH000489: No JTA platform available (set 'hibernate.transaction.jta.platform' to enable JTA platform integration)
2026-06-09T22:16:53.402Z  INFO 287 --- [           main] j.LocalContainerEntityManagerFactoryBean : Initialized JPA EntityManagerFactory for persistence unit 'default'
2026-06-09T22:16:53.441Z  INFO 287 --- [           main] o.s.d.j.r.query.QueryEnhancerFactories   : Hibernate is in classpath; If applicable, HQL parser will be used.
2026-06-09T22:16:53.923Z  WARN 287 --- [           main] JpaBaseConfiguration$JpaWebConfiguration : spring.jpa.open-in-view is enabled by default. Therefore, database queries may be performed during view rendering. Explicitly configure spring.jpa.open-in-view to disable this warning
2026-06-09T22:16:54.189Z  INFO 287 --- [           main] g.e.n.NotificationServiceTest            : Started NotificationServiceTest in 2.222 seconds (process running for 2.781)
Hibernate: select en1_0.id,en1_0.body,en1_0.created_at,en1_0.error_message,en1_0.recipient_email,en1_0.sent_at,en1_0.status,en1_0.subject,en1_0.template_code,en1_0.updated_at from email_notifications en1_0
Hibernate: select et1_0.id,et1_0.active,et1_0.body_template,et1_0.code,et1_0.created_at,et1_0.name,et1_0.subject_template,et1_0.updated_at from email_templates et1_0
Hibernate: delete from email_templates where id=?
Hibernate: delete from email_templates where id=?
Hibernate: delete from email_templates where id=?
Hibernate: delete from email_templates where id=?
Hibernate: delete from email_templates where id=?
Hibernate: delete from email_templates where id=?
Hibernate: insert into email_templates (active,body_template,code,created_at,name,subject_template,updated_at) values (?,?,?,?,?,?,?)
2026-06-09T22:16:54.324Z  INFO 287 --- [           main] g.e.notification.NotificationService     : Sending email to: bob@example.com using template: ORDER_CONFIRMATION
Hibernate: select et1_0.id,et1_0.active,et1_0.body_template,et1_0.code,et1_0.created_at,et1_0.name,et1_0.subject_template,et1_0.updated_at from email_templates et1_0 where et1_0.code=? and et1_0.active=true
2026-06-09T22:16:54.510Z  INFO 287 --- [           main] g.e.notification.NotificationService     : Successfully sent email to: bob@example.com
]]></system-out>
    <system-err><![CDATA[Mockito is currently self-attaching to enable the inline-mock-maker. This will no longer work in future releases of the JDK. Please add Mockito as an agent to your build as described in Mockito's documentation: https://javadoc.io/doc/org.mockito/mockito-core/latest/org.mockito/org/mockito/Mockito.html#0.3
WARNING: A Java agent has been loaded dynamically (/home/ubuntu/.m2/repository/net/bytebuddy/byte-buddy-agent/1.17.8/byte-buddy-agent-1.17.8.jar)
WARNING: If a serviceability tool is in use, please run with -XX:+EnableDynamicAgentLoading to hide this warning
WARNING: If a serviceability tool is not in use, please run with -Djdk.instrument.traceUsage for more information
WARNING: Dynamic loading of agents will be disallowed by default in a future release
]]></system-err>
  </testcase>
  <testcase name="sendEmail_shouldThrowOnMissingTemplate" classname="group5.ebay2.notification.NotificationServiceTest" time="0.014">
    <system-out><![CDATA[Hibernate: select en1_0.id,en1_0.body,en1_0.created_at,en1_0.error_message,en1_0.recipient_email,en1_0.sent_at,en1_0.status,en1_0.subject,en1_0.template_code,en1_0.updated_at from email_notifications en1_0
Hibernate: select et1_0.id,et1_0.active,et1_0.body_template,et1_0.code,et1_0.created_at,et1_0.name,et1_0.subject_template,et1_0.updated_at from email_templates et1_0
Hibernate: delete from email_templates where id=?
Hibernate: delete from email_templates where id=?
Hibernate: delete from email_templates where id=?
Hibernate: delete from email_templates where id=?
Hibernate: delete from email_templates where id=?
Hibernate: delete from email_templates where id=?
Hibernate: insert into email_templates (active,body_template,code,created_at,name,subject_template,updated_at) values (?,?,?,?,?,?,?)
2026-06-09T22:16:54.560Z  INFO 287 --- [           main] g.e.notification.NotificationService     : Sending email to: bob@example.com using template: FAKE_CODE
Hibernate: select et1_0.id,et1_0.active,et1_0.body_template,et1_0.code,et1_0.created_at,et1_0.name,et1_0.subject_template,et1_0.updated_at from email_templates et1_0 where et1_0.code=? and et1_0.active=true
]]></system-out>
  </testcase>
  <testcase name="sendEmail_shouldResolvePlaceholdersAndSendMail" classname="group5.ebay2.notification.NotificationServiceTest" time="0.016">
    <system-out><![CDATA[Hibernate: select en1_0.id,en1_0.body,en1_0.created_at,en1_0.error_message,en1_0.recipient_email,en1_0.sent_at,en1_0.status,en1_0.subject,en1_0.template_code,en1_0.updated_at from email_notifications en1_0
Hibernate: select et1_0.id,et1_0.active,et1_0.body_template,et1_0.code,et1_0.created_at,et1_0.name,et1_0.subject_template,et1_0.updated_at from email_templates et1_0
Hibernate: delete from email_templates where id=?
Hibernate: delete from email_templates where id=?
Hibernate: delete from email_templates where id=?
Hibernate: delete from email_templates where id=?
Hibernate: delete from email_templates where id=?
Hibernate: delete from email_templates where id=?
Hibernate: insert into email_templates (active,body_template,code,created_at,name,subject_template,updated_at) values (?,?,?,?,?,?,?)
2026-06-09T22:16:54.572Z  INFO 287 --- [           main] g.e.notification.NotificationService     : Sending email to: alice@example.com using template: ORDER_CONFIRMATION
Hibernate: select et1_0.id,et1_0.active,et1_0.body_template,et1_0.code,et1_0.created_at,et1_0.name,et1_0.subject_template,et1_0.updated_at from email_templates et1_0 where et1_0.code=? and et1_0.active=true
2026-06-09T22:16:54.576Z  INFO 287 --- [           main] g.e.notification.NotificationService     : Successfully sent email to: alice@example.com
]]></system-out>
  </testcase>
  <testcase name="getNotification_shouldThrowOnNotFound" classname="group5.ebay2.notification.NotificationServiceTest" time="0.008">
    <system-out><![CDATA[Hibernate: select en1_0.id,en1_0.body,en1_0.created_at,en1_0.error_message,en1_0.recipient_email,en1_0.sent_at,en1_0.status,en1_0.subject,en1_0.template_code,en1_0.updated_at from email_notifications en1_0
Hibernate: select et1_0.id,et1_0.active,et1_0.body_template,et1_0.code,et1_0.created_at,et1_0.name,et1_0.subject_template,et1_0.updated_at from email_templates et1_0
Hibernate: delete from email_templates where id=?
Hibernate: delete from email_templates where id=?
Hibernate: delete from email_templates where id=?
Hibernate: delete from email_templates where id=?
Hibernate: delete from email_templates where id=?
Hibernate: delete from email_templates where id=?
Hibernate: insert into email_templates (active,body_template,code,created_at,name,subject_template,updated_at) values (?,?,?,?,?,?,?)
Hibernate: select en1_0.id,en1_0.body,en1_0.created_at,en1_0.error_message,en1_0.recipient_email,en1_0.sent_at,en1_0.status,en1_0.subject,en1_0.template_code,en1_0.updated_at from email_notifications en1_0 where en1_0.id=?
]]></system-out>
  </testcase>
</testsuite>